#
# There is insufficient memory for the Java Runtime Environment to continue.
# Native memory allocation (malloc) failed to allocate 1048576 bytes for AllocateHeap
# Possible reasons:
#   The system is out of physical RAM or swap space
#   In 32 bit mode, the process size limit was hit
# Possible solutions:
#   Reduce memory load on the system
#   Increase physical memory or swap space
#   Check if swap backing store is full
#   Use 64 bit Java on a 64 bit OS
#   Decrease Java heap size (-Xmx/-Xms)
#   Decrease number of Java threads
#   Decrease Java thread stack sizes (-Xss)
#   Set larger code cache with -XX:ReservedCodeCacheSize=
# This output file may be truncated or incomplete.
#
#  Out of Memory Error (memory/allocation.inline.hpp:61), pid=15216, tid=0x00000000000021f8
#
# JRE version:  (8.0) (build )
# Java VM: OpenJDK 64-Bit Server VM (25.71-b00 mixed mode windows-amd64 compressed oops)
# Failed to write core dump. Minidumps are not enabled by default on client versions of Windows
#

---------------  T H R E A D  ---------------

Current thread (0x00000000027a2800):  JavaThread "Unknown thread" [_thread_in_vm, id=8696, stack(0x0000000002640000,0x0000000002740000)]

Stack: [0x0000000002640000,0x0000000002740000]
[error occurred during error reporting (printing stack bounds), id 0xc0000005]

Native frames: (J=compiled Java code, j=interpreted, Vv=VM code, C=native code)


---------------  P R O C E S S  ---------------

Java Threads: ( => current thread )

Other Threads:

=>0x00000000027a2800 (exited) JavaThread "Unknown thread" [_thread_in_vm, id=8696, stack(0x0000000002640000,0x0000000002740000)]

VM state:not at safepoint (normal execution)

VM Mutex/Monitor currently owned by a thread: None

Heap:
 PSYoungGen      total 16896K, used 296K [0x00000000edf80000, 0x00000000ef200000, 0x0000000100000000)
  eden space 14848K, 2% used [0x00000000edf80000,0x00000000edfca3e0,0x00000000eee00000)
  from space 2048K, 0% used [0x00000000ef000000,0x00000000ef000000,0x00000000ef200000)
  to   space 2048K, 0% used [0x00000000eee00000,0x00000000eee00000,0x00000000ef000000)
 ParOldGen       total 38400K, used 0K [0x00000000c9e00000, 0x00000000cc380000, 0x00000000edf80000)
  object space 38400K, 0% used [0x00000000c9e00000,0x00000000c9e00000,0x00000000cc380000)
 Metaspace       used 777K, capacity 4480K, committed 4480K, reserved 1056768K
  class space    used 74K, capacity 384K, committed 384K, reserved 1048576K

Card table byte_map: [0x0000000011c60000,0x0000000011e20000] byte_map_base: 0x0000000011611000

Marking Bits: (ParMarkBitMap*) 0x000000005577be50
 Begin Bits: [0x0000000012350000, 0x00000000130d8000)
 End Bits:   [0x00000000130d8000, 0x0000000013e60000)

Polling page: 0x0000000002740000

CodeCache: size=245760Kb used=327Kb max_used=327Kb free=245432Kb
 bounds [0x00000000028a0000, 0x0000000002b10000, 0x00000000118a0000]
 total_blobs=56 nmethods=0 adapters=38
 compilation: enabled

Compilation events (0 events):
No events

GC Heap History (0 events):
No events

Deoptimization events (0 events):
No events

Classes redefined (0 events):
No events

Internal exceptions (0 events):
No events

Events (10 events):
Event: 0.716 loading class java/lang/Short
Event: 0.717 loading class java/lang/Short done
Event: 0.717 loading class java/lang/Integer
Event: 0.724 loading class java/lang/Integer done
Event: 0.724 loading class java/lang/Long
Event: 0.743 loading class java/lang/Long done
Event: 0.762 loading class java/lang/NullPointerException
Event: 0.762 loading class java/lang/NullPointerException done
Event: 0.762 loading class java/lang/ArithmeticException
Event: 0.762 loading class java/lang/ArithmeticException done


Dynamic libraries:
0x00007ff6d6e80000 - 0x00007ff6d6eb5000 	C:\Program Files\Unity\2021.2.15f1\Editor\Data\PlaybackEngines\AndroidPlayer\OpenJDK\bin\java.exe
0x00007ffd1daa0000 - 0x00007ffd1dca9000 	C:\WINDOWS\SYSTEM32\ntdll.dll
0x00007ffd1c3a0000 - 0x00007ffd1c45d000 	C:\WINDOWS\System32\KERNEL32.DLL
0x00007ffd1b280000 - 0x00007ffd1b5f4000 	C:\WINDOWS\System32\KERNELBASE.dll
0x00007ffd1c460000 - 0x00007ffd1c50e000 	C:\WINDOWS\System32\ADVAPI32.dll
0x00007ffd1d640000 - 0x00007ffd1d6e3000 	C:\WINDOWS\System32\msvcrt.dll
0x00007ffd1d0d0000 - 0x00007ffd1d16e000 	C:\WINDOWS\System32\sechost.dll
0x00007ffd1c9d0000 - 0x00007ffd1caf0000 	C:\WINDOWS\System32\RPCRT4.dll
0x00007ffd1d820000 - 0x00007ffd1d9cc000 	C:\WINDOWS\System32\USER32.dll
0x00007ffd1b910000 - 0x00007ffd1b936000 	C:\WINDOWS\System32\win32u.dll
0x00007ffd1d9d0000 - 0x00007ffd1d9f9000 	C:\WINDOWS\System32\GDI32.dll
0x00007ffd1b0a0000 - 0x00007ffd1b1b2000 	C:\WINDOWS\System32\gdi32full.dll
0x00007ffd1b000000 - 0x00007ffd1b09d000 	C:\WINDOWS\System32\msvcp_win.dll
0x00007ffd1b600000 - 0x00007ffd1b711000 	C:\WINDOWS\System32\ucrtbase.dll
0x00007ffd05890000 - 0x00007ffd05b35000 	C:\WINDOWS\WinSxS\amd64_microsoft.windows.common-controls_6595b64144ccf1df_6.0.22000.120_none_9d947278b86cc467\COMCTL32.dll
0x00007ffd1d050000 - 0x00007ffd1d081000 	C:\WINDOWS\System32\IMM32.DLL
0x0000000055800000 - 0x00000000558d2000 	C:\Program Files\Unity\2021.2.15f1\Editor\Data\PlaybackEngines\AndroidPlayer\OpenJDK\jre\bin\msvcr100.dll
0x0000000054fb0000 - 0x00000000557f9000 	C:\Program Files\Unity\2021.2.15f1\Editor\Data\PlaybackEngines\AndroidPlayer\OpenJDK\jre\bin\server\jvm.dll
0x00007ffd1d6f0000 - 0x00007ffd1d6f8000 	C:\WINDOWS\System32\PSAPI.DLL
0x00007ffd0d3f0000 - 0x00007ffd0d3f9000 	C:\WINDOWS\SYSTEM32\WSOCK32.dll
0x00007ffd1c7f0000 - 0x00007ffd1c85f000 	C:\WINDOWS\System32\WS2_32.dll
0x00007ffd14990000 - 0x00007ffd149c3000 	C:\WINDOWS\SYSTEM32\WINMM.dll
0x00007ffd13a50000 - 0x00007ffd13a5a000 	C:\WINDOWS\SYSTEM32\VERSION.dll
0x00007ffcd5710000 - 0x00007ffcd571f000 	C:\Program Files\Unity\2021.2.15f1\Editor\Data\PlaybackEngines\AndroidPlayer\OpenJDK\jre\bin\verify.dll
0x00007ffcd3480000 - 0x00007ffcd34a9000 	C:\Program Files\Unity\2021.2.15f1\Editor\Data\PlaybackEngines\AndroidPlayer\OpenJDK\jre\bin\java.dll
0x00007ffcd4550000 - 0x00007ffcd4566000 	C:\Program Files\Unity\2021.2.15f1\Editor\Data\PlaybackEngines\AndroidPlayer\OpenJDK\jre\bin\zip.dll

VM Arguments:
jvm_args: -Dfile.encoding=UTF-8 
java_command: <unknown>
java_class_path (initial): .
Launcher Type: SUN_STANDARD

Environment Variables:
JAVA_TOOL_OPTIONS=-Dfile.encoding=UTF-8
PATH=C:\ProgramData\Oracle\Java\javapath;C:\WINDOWS\system32;C:\WINDOWS;C:\WINDOWS\System32\Wbem;C:\WINDOWS\System32\WindowsPowerShell\v1.0\;C:\WINDOWS\System32\OpenSSH\;C:\Program Files (x86)\GtkSharp\2.12\bin;C:\Program Files\dotnet\;C:\Users\?????\AppData\Local\Programs\Python\Python310\Scripts\;C:\Users\?????\AppData\Local\Programs\Python\Python310\;C:\Users\?????\AppData\Local\Microsoft\WindowsApps;C:\Users\?????\AppData\Local\atom\bin;C:\Users\?????\AppData\Local\Microsoft\WindowsApps;C:\Users\?????\AppData\Local\Programs\Microsoft VS Code\bin;C:\Program Files\JetBrains\JetBrains Rider 2021.3\bin;C:\Users\?????\.dotnet\tools
USERNAME=?????
OS=Windows_NT
PROCESSOR_IDENTIFIER=AMD64 Family 23 Model 24 Stepping 1, AuthenticAMD



---------------  S Y S T E M  ---------------

OS: Windows 10.0 , 64 bit Build 22000 (10.0.22000.434)

CPU:total 4 (initial active 4) (4 cores per cpu, 1 threads per core) family 23 model 24 stepping 1, cmov, cx8, fxsr, mmx, sse, sse2, sse3, ssse3, sse4.1, sse4.2, popcnt, avx, avx2, aes, clmul, mmxext, 3dnowpref, lzcnt, sse4a, tsc, tscinvbit, tscinv, bmi1

Memory: 4k page, physical 3543304k(277724k free), swap 14553352k(724k free)

vm_info: OpenJDK 64-Bit Server VM (25.71-b00) for windows-amd64 JRE (1.8.0-adoptopenjdk-_2018_05_19_00_59-b00), built on May 19 2018 01:02:12 by "jenkins" with MS VC++ 10.0 (VS2010)

time: Tue Apr 12 21:52:27 2022
elapsed time: 0 seconds (0d 0h 0m 0s)

